# JRE version: OpenJDK Runtime Environment Temurin-17.0.2+8 (17.0.2+8) (build 17.0.2+8)
# Java VM: OpenJDK 64-Bit Server VM Temurin-17.0.2+8 (17.0.2+8, mixed mode, tiered, compressed oops, compressed class ptrs, g1 gc, windows-amd64)
GC Precious Log:
 CPUs: 4 total, 4 available
 Memory: 12174M
 Large Page Support: Disabled
 NUMA Support: Disabled
 Compressed Oops: Enabled (Zero based)
 Heap Region Size: 2M
 Heap Min Capacity: 8M
 Heap Initial Capacity: 192M
 Heap Max Capacity: 3044M
 Pre-touch: Disabled
 Parallel Workers: 4
 Concurrent Workers: 1
 Concurrent Refinement Workers: 4
 Periodic GC: Disabled
Heap:
 garbage-first heap   total 153600K, used 83027K [0x0000000741c00000, 0x0000000800000000)
  region size 2048K, 12 young (24576K), 3 survivors (6144K)
 Metaspace       used 90584K, committed 91392K, reserved 1130496K
  class space    used 10363K, committed 10752K, reserved 1048576K
GC Heap History (20 events):
Event: 389.896 GC heap before
{Heap before GC invocations=74 (full 4):
 garbage-first heap   total 122880K, used 100260K [0x0000000741c00000, 0x0000000800000000)
  region size 2048K, 24 young (49152K), 3 survivors (6144K)
 Metaspace       used 86993K, committed 87744K, reserved 1130496K
  class space    used 10091K, committed 10432K, reserved 1048576K
}
Event: 389.904 GC heap after
{Heap after GC invocations=75 (full 4):
 garbage-first heap   total 122880K, used 59207K [0x0000000741c00000, 0x0000000800000000)
  region size 2048K, 3 young (6144K), 3 survivors (6144K)
 Metaspace       used 86993K, committed 87744K, reserved 1130496K
  class space    used 10091K, committed 10432K, reserved 1048576K
}
Event: 425.322 GC heap before
{Heap before GC invocations=75 (full 4):
 garbage-first heap   total 122880K, used 96071K [0x0000000741c00000, 0x0000000800000000)
  region size 2048K, 22 young (45056K), 3 survivors (6144K)
 Metaspace       used 87596K, committed 88384K, reserved 1130496K
  class space    used 10130K, committed 10496K, reserved 1048576K
}
Event: 425.328 GC heap after
{Heap after GC invocations=76 (full 4):
 garbage-first heap   total 122880K, used 61702K [0x0000000741c00000, 0x0000000800000000)
  region size 2048K, 3 young (6144K), 3 survivors (6144K)
 Metaspace       used 87596K, committed 88384K, reserved 1130496K
  class space    used 10130K, committed 10496K, reserved 1048576K
}
Event: 520.484 GC heap before
{Heap before GC invocations=77 (full 4):
 garbage-first heap   total 122880K, used 96518K [0x0000000741c00000, 0x0000000800000000)
  region size 2048K, 21 young (43008K), 3 survivors (6144K)
 Metaspace       used 87769K, committed 88512K, reserved 1130496K
  class space    used 10140K, committed 10496K, reserved 1048576K
}
Event: 520.489 GC heap after
{Heap after GC invocations=78 (full 4):
 garbage-first heap   total 122880K, used 62723K [0x0000000741c00000, 0x0000000800000000)
  region size 2048K, 2 young (4096K), 2 survivors (4096K)
 Metaspace       used 87769K, committed 88512K, reserved 1130496K
  class space    used 10140K, committed 10496K, reserved 1048576K
}
Event: 624.422 GC heap before
{Heap before GC invocations=78 (full 4):
 garbage-first heap   total 122880K, used 99587K [0x0000000741c00000, 0x0000000800000000)
  region size 2048K, 20 young (40960K), 2 survivors (4096K)
 Metaspace       used 87972K, committed 88768K, reserved 1130496K
  class space    used 10143K, committed 10496K, reserved 1048576K
}
Event: 624.427 GC heap after
{Heap after GC invocations=79 (full 4):
 garbage-first heap   total 122880K, used 62666K [0x0000000741c00000, 0x0000000800000000)
  region size 2048K, 1 young (2048K), 1 survivors (2048K)
 Metaspace       used 87972K, committed 88768K, reserved 1130496K
  class space    used 10143K, committed 10496K, reserved 1048576K
}
Event: 629.480 GC heap before
{Heap before GC invocations=80 (full 4):
 garbage-first heap   total 122880K, used 62666K [0x0000000741c00000, 0x0000000800000000)
  region size 2048K, 2 young (4096K), 1 survivors (2048K)
 Metaspace       used 87911K, committed 88768K, reserved 1130496K
  class space    used 10132K, committed 10496K, reserved 1048576K
}
Event: 629.584 GC heap after
{Heap after GC invocations=81 (full 5):
 garbage-first heap   total 122880K, used 56281K [0x0000000741c00000, 0x0000000800000000)
  region size 2048K, 0 young (0K), 0 survivors (0K)
 Metaspace       used 87911K, committed 88768K, reserved 1130496K
  class space    used 10132K, committed 10496K, reserved 1048576K
}
Event: 630.872 GC heap before
{Heap before GC invocations=81 (full 5):
 garbage-first heap   total 122880K, used 101337K [0x0000000741c00000, 0x0000000800000000)
  region size 2048K, 22 young (45056K), 0 survivors (0K)
 Metaspace       used 88398K, committed 89216K, reserved 1130496K
  class space    used 10196K, committed 10560K, reserved 1048576K
}
Event: 630.877 GC heap after
{Heap after GC invocations=82 (full 5):
 garbage-first heap   total 122880K, used 58990K [0x0000000741c00000, 0x0000000800000000)
  region size 2048K, 2 young (4096K), 2 survivors (4096K)
 Metaspace       used 88398K, committed 89216K, reserved 1130496K
  class space    used 10196K, committed 10560K, reserved 1048576K
}
Event: 631.761 GC heap before
{Heap before GC invocations=83 (full 5):
 garbage-first heap   total 122880K, used 99950K [0x0000000741c00000, 0x0000000800000000)
  region size 2048K, 22 young (45056K), 2 survivors (4096K)
 Metaspace       used 88642K, committed 89344K, reserved 1130496K
  class space    used 10221K, committed 10560K, reserved 1048576K
}
Event: 631.766 GC heap after
{Heap after GC invocations=84 (full 5):
 garbage-first heap   total 122880K, used 61291K [0x0000000741c00000, 0x0000000800000000)
  region size 2048K, 3 young (6144K), 3 survivors (6144K)
 Metaspace       used 88642K, committed 89344K, reserved 1130496K
  class space    used 10221K, committed 10560K, reserved 1048576K
}
Event: 632.720 GC heap before
{Heap before GC invocations=84 (full 5):
 garbage-first heap   total 122880K, used 100203K [0x0000000741c00000, 0x0000000800000000)
  region size 2048K, 22 young (45056K), 3 survivors (6144K)
 Metaspace       used 89684K, committed 90368K, reserved 1130496K
  class space    used 10299K, committed 10624K, reserved 1048576K
}
Event: 632.727 GC heap after
{Heap after GC invocations=85 (full 5):
 garbage-first heap   total 122880K, used 62634K [0x0000000741c00000, 0x0000000800000000)
  region size 2048K, 2 young (4096K), 2 survivors (4096K)
 Metaspace       used 89684K, committed 90368K, reserved 1130496K
  class space    used 10299K, committed 10624K, reserved 1048576K
}
Event: 635.994 GC heap before
{Heap before GC invocations=86 (full 5):
 garbage-first heap   total 126976K, used 95402K [0x0000000741c00000, 0x0000000800000000)
  region size 2048K, 19 young (38912K), 2 survivors (4096K)
 Metaspace       used 90344K, committed 91136K, reserved 1130496K
  class space    used 10341K, committed 10688K, reserved 1048576K
}
Event: 636.000 GC heap after
{Heap after GC invocations=87 (full 5):
 garbage-first heap   total 153600K, used 64932K [0x0000000741c00000, 0x0000000800000000)
  region size 2048K, 3 young (6144K), 3 survivors (6144K)
 Metaspace       used 90344K, committed 91136K, reserved 1130496K
  class space    used 10341K, committed 10688K, reserved 1048576K
}
Event: 774.441 GC heap before
{Heap before GC invocations=87 (full 5):
 garbage-first heap   total 153600K, used 118180K [0x0000000741c00000, 0x0000000800000000)
  region size 2048K, 30 young (61440K), 3 survivors (6144K)
 Metaspace       used 90561K, committed 91392K, reserved 1130496K
  class space    used 10363K, committed 10752K, reserved 1048576K
}
Event: 774.455 GC heap after
{Heap after GC invocations=88 (full 5):
 garbage-first heap   total 153600K, used 66643K [0x0000000741c00000, 0x0000000800000000)
  region size 2048K, 3 young (6144K), 3 survivors (6144K)
 Metaspace       used 90561K, committed 91392K, reserved 1130496K
  class space    used 10363K, committed 10752K, reserved 1048576K
}

