# JRE version: OpenJDK Runtime Environment Temurin-17.0.2+8 (17.0.2+8) (build 17.0.2+8)
# Java VM: OpenJDK 64-Bit Server VM Temurin-17.0.2+8 (17.0.2+8, mixed mode, tiered, compressed oops, compressed class ptrs, g1 gc, windows-amd64)
GC Precious Log:
 CPUs: 4 total, 4 available
 Memory: 12174M
 Large Page Support: Disabled
 NUMA Support: Disabled
 Compressed Oops: Enabled (Zero based)
 Heap Region Size: 2M
 Heap Min Capacity: 8M
 Heap Initial Capacity: 192M
 Heap Max Capacity: 3044M
 Pre-touch: Disabled
 Parallel Workers: 4
 Concurrent Workers: 1
 Concurrent Refinement Workers: 4
 Periodic GC: Disabled
Heap:
 garbage-first heap   total 116736K, used 92947K [0x0000000741c00000, 0x0000000800000000)
  region size 2048K, 25 young (51200K), 1 survivors (2048K)
 Metaspace       used 79041K, committed 79616K, reserved 1122304K
  class space    used 9495K, committed 9728K, reserved 1048576K
GC Heap History (20 events):
Event: 14.838 GC heap before
{Heap before GC invocations=26 (full 0):
 garbage-first heap   total 86016K, used 33462K [0x0000000741c00000, 0x0000000800000000)
  region size 2048K, 4 young (8192K), 3 survivors (6144K)
 Metaspace       used 61869K, committed 62208K, reserved 1105920K
  class space    used 7684K, committed 7808K, reserved 1048576K
}
Event: 14.848 GC heap after
{Heap after GC invocations=27 (full 0):
 garbage-first heap   total 86016K, used 31781K [0x0000000741c00000, 0x0000000800000000)
  region size 2048K, 1 young (2048K), 1 survivors (2048K)
 Metaspace       used 61869K, committed 62208K, reserved 1105920K
  class space    used 7684K, committed 7808K, reserved 1048576K
}
Event: 15.578 GC heap before
{Heap before GC invocations=27 (full 0):
 garbage-first heap   total 86016K, used 66597K [0x0000000741c00000, 0x0000000800000000)
  region size 2048K, 18 young (36864K), 1 survivors (2048K)
 Metaspace       used 64181K, committed 64640K, reserved 1105920K
  class space    used 7999K, committed 8192K, reserved 1048576K
}
Event: 15.583 GC heap after
{Heap after GC invocations=28 (full 0):
 garbage-first heap   total 131072K, used 32557K [0x0000000741c00000, 0x0000000800000000)
  region size 2048K, 1 young (2048K), 1 survivors (2048K)
 Metaspace       used 64181K, committed 64640K, reserved 1105920K
  class space    used 7999K, committed 8192K, reserved 1048576K
}
Event: 32.123 GC heap before
{Heap before GC invocations=28 (full 0):
 garbage-first heap   total 131072K, used 104237K [0x0000000741c00000, 0x0000000800000000)
  region size 2048K, 36 young (73728K), 1 survivors (2048K)
 Metaspace       used 69660K, committed 70080K, reserved 1114112K
  class space    used 8665K, committed 8896K, reserved 1048576K
}
Event: 32.140 GC heap after
{Heap after GC invocations=29 (full 0):
 garbage-first heap   total 131072K, used 35850K [0x0000000741c00000, 0x0000000800000000)
  region size 2048K, 3 young (6144K), 3 survivors (6144K)
 Metaspace       used 69660K, committed 70080K, reserved 1114112K
  class space    used 8665K, committed 8896K, reserved 1048576K
}
Event: 36.728 GC heap before
{Heap before GC invocations=29 (full 0):
 garbage-first heap   total 131072K, used 101386K [0x0000000741c00000, 0x0000000800000000)
  region size 2048K, 36 young (73728K), 3 survivors (6144K)
 Metaspace       used 74370K, committed 74816K, reserved 1122304K
  class space    used 9178K, committed 9408K, reserved 1048576K
}
Event: 36.745 GC heap after
{Heap after GC invocations=30 (full 0):
 garbage-first heap   total 131072K, used 37835K [0x0000000741c00000, 0x0000000800000000)
  region size 2048K, 4 young (8192K), 4 survivors (8192K)
 Metaspace       used 74370K, committed 74816K, reserved 1122304K
  class space    used 9178K, committed 9408K, reserved 1048576K
}
Event: 124.773 GC heap before
{Heap before GC invocations=30 (full 0):
 garbage-first heap   total 131072K, used 89035K [0x0000000741c00000, 0x0000000800000000)
  region size 2048K, 22 young (45056K), 4 survivors (8192K)
 Metaspace       used 75197K, committed 75712K, reserved 1122304K
  class space    used 9249K, committed 9472K, reserved 1048576K
}
Event: 124.883 GC heap after
{Heap after GC invocations=31 (full 1):
 garbage-first heap   total 116736K, used 32048K [0x0000000741c00000, 0x0000000800000000)
  region size 2048K, 0 young (0K), 0 survivors (0K)
 Metaspace       used 75119K, committed 75712K, reserved 1122304K
  class space    used 9236K, committed 9472K, reserved 1048576K
}
Event: 127.222 GC heap before
{Heap before GC invocations=31 (full 1):
 garbage-first heap   total 116736K, used 93488K [0x0000000741c00000, 0x0000000800000000)
  region size 2048K, 30 young (61440K), 0 survivors (0K)
 Metaspace       used 75768K, committed 76288K, reserved 1122304K
  class space    used 9295K, committed 9536K, reserved 1048576K
}
Event: 127.228 GC heap after
{Heap after GC invocations=32 (full 1):
 garbage-first heap   total 116736K, used 35542K [0x0000000741c00000, 0x0000000800000000)
  region size 2048K, 2 young (4096K), 2 survivors (4096K)
 Metaspace       used 75768K, committed 76288K, reserved 1122304K
  class space    used 9295K, committed 9536K, reserved 1048576K
}
Event: 129.093 GC heap before
{Heap before GC invocations=32 (full 1):
 garbage-first heap   total 116736K, used 92886K [0x0000000741c00000, 0x0000000800000000)
  region size 2048K, 30 young (61440K), 2 survivors (4096K)
 Metaspace       used 76891K, committed 77376K, reserved 1122304K
  class space    used 9369K, committed 9600K, reserved 1048576K
}
Event: 129.105 GC heap after
{Heap after GC invocations=33 (full 1):
 garbage-first heap   total 116736K, used 38192K [0x0000000741c00000, 0x0000000800000000)
  region size 2048K, 3 young (6144K), 3 survivors (6144K)
 Metaspace       used 76891K, committed 77376K, reserved 1122304K
  class space    used 9369K, committed 9600K, reserved 1048576K
}
Event: 144.961 GC heap before
{Heap before GC invocations=33 (full 1):
 garbage-first heap   total 116736K, used 93488K [0x0000000741c00000, 0x0000000800000000)
  region size 2048K, 30 young (61440K), 3 survivors (6144K)
 Metaspace       used 78123K, committed 78592K, reserved 1122304K
  class space    used 9456K, committed 9664K, reserved 1048576K
}
Event: 144.977 GC heap after
{Heap after GC invocations=34 (full 1):
 garbage-first heap   total 116736K, used 40116K [0x0000000741c00000, 0x0000000800000000)
  region size 2048K, 3 young (6144K), 3 survivors (6144K)
 Metaspace       used 78123K, committed 78592K, reserved 1122304K
  class space    used 9456K, committed 9664K, reserved 1048576K
}
Event: 258.075 GC heap before
{Heap before GC invocations=34 (full 1):
 garbage-first heap   total 116736K, used 99508K [0x0000000741c00000, 0x0000000800000000)
  region size 2048K, 28 young (57344K), 3 survivors (6144K)
 Metaspace       used 78976K, committed 79488K, reserved 1122304K
  class space    used 9495K, committed 9728K, reserved 1048576K
}
Event: 258.086 GC heap after
{Heap after GC invocations=35 (full 1):
 garbage-first heap   total 116736K, used 45650K [0x0000000741c00000, 0x0000000800000000)
  region size 2048K, 3 young (6144K), 3 survivors (6144K)
 Metaspace       used 78976K, committed 79488K, reserved 1122304K
  class space    used 9495K, committed 9728K, reserved 1048576K
}
Event: 443.367 GC heap before
{Heap before GC invocations=35 (full 1):
 garbage-first heap   total 116736K, used 92754K [0x0000000741c00000, 0x0000000800000000)
  region size 2048K, 26 young (53248K), 3 survivors (6144K)
 Metaspace       used 78984K, committed 79552K, reserved 1122304K
  class space    used 9495K, committed 9728K, reserved 1048576K
}
Event: 443.377 GC heap after
{Heap after GC invocations=36 (full 1):
 garbage-first heap   total 116736K, used 45843K [0x0000000741c00000, 0x0000000800000000)
  region size 2048K, 1 young (2048K), 1 survivors (2048K)
 Metaspace       used 78984K, committed 79552K, reserved 1122304K
  class space    used 9495K, committed 9728K, reserved 1048576K
}

